<?xml version="1.0" encoding="UTF-8"?>
<!-- Generated by org.testng.reporters.JUnitXMLReporter -->
<testsuite ignored="12" hostname="DESKTOP-QFUUFAS" failures="0" tests="3" name="Default test" time="14.505" errors="0" timestamp="2025-06-23T22:01:42 GMT+03:00">
  <testcase classname="Final.Final.AlMusafer" name="randomCityTwoWay" time="4.718"/>
  <testcase classname="Final.Final.AlMusafer" name="randomCityOneWay" time="2.51"/>
  <testcase classname="Final.Final.AlMusafer" name="NavigationToTermsConditionsPage" time="4.825"/>
  <testcase classname="Final.Final.AlMusafer" name="contactNumber" time="0.0">
    <ignored/>
  </testcase> <!-- contactNumber -->
  <testcase classname="Final.Final.AlMusafer" name="flightReturn" time="0.0">
    <ignored/>
  </testcase> <!-- flightReturn -->
  <testcase classname="Final.Final.AlMusafer" name="checkLang" time="0.0">
    <ignored/>
  </testcase> <!-- checkLang -->
  <testcase classname="Final.Final.AlMusafer" name="checkAPILoaded" time="0.0">
    <ignored/>
  </testcase> <!-- checkAPILoaded -->
  <testcase classname="Final.Final.AlMusafer" name="flightDepature" time="0.0">
    <ignored/>
  </testcase> <!-- flightDepature -->
  <testcase classname="Final.Final.AlMusafer" name="ChangeCurrency" time="0.0">
    <ignored/>
  </testcase> <!-- ChangeCurrency -->
  <testcase classname="Final.Final.AlMusafer" name="qitaLlogoDisplay" time="0.0">
    <ignored/>
  </testcase> <!-- qitaLlogoDisplay -->
  <testcase classname="Final.Final.AlMusafer" name="ApplyRatingFlitering" time="0.0">
    <ignored/>
  </testcase> <!-- ApplyRatingFlitering -->
  <testcase classname="Final.Final.AlMusafer" name="checkCurrency" time="0.0">
    <ignored/>
  </testcase> <!-- checkCurrency -->
  <testcase classname="Final.Final.AlMusafer" name="ApplyPriceFlitering" time="0.0">
    <ignored/>
  </testcase> <!-- ApplyPriceFlitering -->
  <testcase classname="Final.Final.AlMusafer" name="randomCityStays" time="0.0">
    <ignored/>
  </testcase> <!-- randomCityStays -->
  <testcase classname="Final.Final.AlMusafer" name="changeLanguage" time="0.0">
    <ignored/>
  </testcase> <!-- changeLanguage -->
</testsuite> <!-- Default test -->
