<?xml version="1.0" encoding="UTF-8"?>
<!-- Generated by org.testng.reporters.JUnitXMLReporter -->
<testsuite ignored="14" hostname="DESKTOP-QFUUFAS" failures="0" tests="1" name="Default test" time="5.222" errors="0" timestamp="2025-06-16T06:45:12 GMT+03:00">
  <testcase classname="Final.Final.AlMusafer" name="NavigationToTermsConditionsPage" time="3.813"/>
  <testcase classname="Final.Final.AlMusafer" name="contactNumber" time="0.0">
    <ignored/>
  </testcase> <!-- contactNumber -->
  <testcase classname="Final.Final.AlMusafer" name="flightDepature" time="0.0">
    <ignored/>
  </testcase> <!-- flightDepature -->
  <testcase classname="Final.Final.AlMusafer" name="randomCityOneWay" time="0.0">
    <ignored/>
  </testcase> <!-- randomCityOneWay -->
  <testcase classname="Final.Final.AlMusafer" name="ApplyRatingFlitering" time="0.0">
    <ignored/>
  </testcase> <!-- ApplyRatingFlitering -->
  <testcase classname="Final.Final.AlMusafer" name="randomCityStays" time="0.0">
    <ignored/>
  </testcase> <!-- randomCityStays -->
  <testcase classname="Final.Final.AlMusafer" name="flightReturn" time="0.0">
    <ignored/>
  </testcase> <!-- flightReturn -->
  <testcase classname="Final.Final.AlMusafer" name="checkLang" time="0.0">
    <ignored/>
  </testcase> <!-- checkLang -->
  <testcase classname="Final.Final.AlMusafer" name="checkAPILoaded" time="0.0">
    <ignored/>
  </testcase> <!-- checkAPILoaded -->
  <testcase classname="Final.Final.AlMusafer" name="ChangeCurrency" time="0.0">
    <ignored/>
  </testcase> <!-- ChangeCurrency -->
  <testcase classname="Final.Final.AlMusafer" name="qitaLlogoDisplay" time="0.0">
    <ignored/>
  </testcase> <!-- qitaLlogoDisplay -->
  <testcase classname="Final.Final.AlMusafer" name="checkCurrency" time="0.0">
    <ignored/>
  </testcase> <!-- checkCurrency -->
  <testcase classname="Final.Final.AlMusafer" name="ApplyPriceFlitering" time="0.0">
    <ignored/>
  </testcase> <!-- ApplyPriceFlitering -->
  <testcase classname="Final.Final.AlMusafer" name="changeLanguage" time="0.0">
    <ignored/>
  </testcase> <!-- changeLanguage -->
  <testcase classname="Final.Final.AlMusafer" name="randomCityTwoWay" time="0.0">
    <ignored/>
  </testcase> <!-- randomCityTwoWay -->
</testsuite> <!-- Default test -->
