<?xml version="1.0" encoding="UTF-8"?>
<testng-results ignored="12" total="15" passed="3" failed="0" skipped="0">
  <reporter-output>
  </reporter-output>
  <suite started-at="2025-06-23T22:01:28 GMT+03:00" name="Default suite" finished-at="2025-06-23T22:01:42 GMT+03:00" duration-ms="14505">
    <groups>
    </groups>
    <test started-at="2025-06-23T22:01:28 GMT+03:00" name="Default test" finished-at="2025-06-23T22:01:42 GMT+03:00" duration-ms="14505">
      <class name="Final.Final.AlMusafer">
        <test-method is-config="true" signature="mySetup()[pri:0, instance:Final.Final.AlMusafer@54c62d71]" started-at="2025-06-23T22:01:28 GMT+03:00" name="mySetup" finished-at="2025-06-23T22:01:30 GMT+03:00" duration-ms="2384" status="PASS">
          <reporter-output>
          </reporter-output>
        </test-method> <!-- mySetup -->
        <test-method signature="randomCityTwoWay()[pri:13, instance:Final.Final.AlMusafer@54c62d71]" started-at="2025-06-23T22:01:30 GMT+03:00" name="randomCityTwoWay" finished-at="2025-06-23T22:01:35 GMT+03:00" duration-ms="4718" status="PASS">
          <reporter-output>
          </reporter-output>
        </test-method> <!-- randomCityTwoWay -->
        <test-method signature="randomCityOneWay()[pri:14, instance:Final.Final.AlMusafer@54c62d71]" started-at="2025-06-23T22:01:35 GMT+03:00" name="randomCityOneWay" finished-at="2025-06-23T22:01:38 GMT+03:00" duration-ms="2510" status="PASS">
          <reporter-output>
          </reporter-output>
        </test-method> <!-- randomCityOneWay -->
        <test-method signature="NavigationToTermsConditionsPage()[pri:15, instance:Final.Final.AlMusafer@54c62d71]" started-at="2025-06-23T22:01:38 GMT+03:00" name="NavigationToTermsConditionsPage" finished-at="2025-06-23T22:01:42 GMT+03:00" duration-ms="4825" status="PASS">
          <reporter-output>
          </reporter-output>
        </test-method> <!-- NavigationToTermsConditionsPage -->
      </class> <!-- Final.Final.AlMusafer -->
    </test> <!-- Default test -->
  </suite> <!-- Default suite -->
</testng-results>
