<?xml version="1.0" encoding="UTF-8"?>
<testng-results ignored="14" total="15" passed="1" failed="0" skipped="0">
  <reporter-output>
  </reporter-output>
  <suite started-at="2025-06-16T06:45:07 GMT+03:00" name="Default suite" finished-at="2025-06-16T06:45:12 GMT+03:00" duration-ms="5222">
    <groups>
    </groups>
    <test started-at="2025-06-16T06:45:07 GMT+03:00" name="Default test" finished-at="2025-06-16T06:45:12 GMT+03:00" duration-ms="5222">
      <class name="Final.Final.AlMusafer">
        <test-method is-config="true" signature="mySetup()[pri:0, instance:Final.Final.AlMusafer@54c62d71]" started-at="2025-06-16T06:45:07 GMT+03:00" name="mySetup" finished-at="2025-06-16T06:45:08 GMT+03:00" duration-ms="1371" status="PASS">
          <reporter-output>
          </reporter-output>
        </test-method> <!-- mySetup -->
        <test-method signature="NavigationToTermsConditionsPage()[pri:15, instance:Final.Final.AlMusafer@54c62d71]" started-at="2025-06-16T06:45:08 GMT+03:00" name="NavigationToTermsConditionsPage" finished-at="2025-06-16T06:45:12 GMT+03:00" duration-ms="3813" status="PASS">
          <reporter-output>
          </reporter-output>
        </test-method> <!-- NavigationToTermsConditionsPage -->
      </class> <!-- Final.Final.AlMusafer -->
    </test> <!-- Default test -->
  </suite> <!-- Default suite -->
</testng-results>
